#
# There is insufficient memory for the Java Runtime Environment to continue.
# Native memory allocation (malloc) failed to allocate 1181296 bytes. Error detail: Chunk::new
# Possible reasons:
#   The system is out of physical RAM or swap space
#   This process is running with CompressedOops enabled, and the Java Heap may be blocking the growth of the native heap
# Possible solutions:
#   Reduce memory load on the system
#   Increase physical memory or swap space
#   Check if swap backing store is full
#   Decrease Java heap size (-Xmx/-Xms)
#   Decrease number of Java threads
#   Decrease Java thread stack sizes (-Xss)
#   Set larger code cache with -XX:ReservedCodeCacheSize=
#   JVM is running with Unscaled Compressed Oops mode in which the Java heap is
#     placed in the first 4GB address space. The Java Heap base address is the
#     maximum limit for the native heap growth. Please use -XX:HeapBaseMinAddress
#     to set the Java Heap base and to place the Java Heap above 4GB virtual address.
# This output file may be truncated or incomplete.
#
#  Out of Memory Error (arena.cpp:168), pid=39912, tid=19640
#
# JRE version: OpenJDK Runtime Environment Temurin-21.0.8+9 (21.0.8+9) (build 21.0.8+9-LTS)
# Java VM: OpenJDK 64-Bit Server VM Temurin-21.0.8+9 (21.0.8+9-LTS, mixed mode, sharing, tiered, compressed oops, compressed class ptrs, parallel gc, windows-amd64)
# No core dump will be written. Minidumps are not enabled by default on client versions of Windows
#

---------------  S U M M A R Y ------------

Command Line: --add-modules=ALL-SYSTEM --add-opens=java.base/java.util=ALL-UNNAMED --add-opens=java.base/java.lang=ALL-UNNAMED --add-opens=java.base/sun.nio.fs=ALL-UNNAMED -Declipse.application=org.eclipse.jdt.ls.core.id1 -Dosgi.bundles.defaultStartLevel=4 -Declipse.product=org.eclipse.jdt.ls.core.product -Djava.import.generatesMetadataFilesAtProjectRoot=false -DDetectVMInstallationsJob.disabled=true -Dfile.encoding=utf8 -XX:+UseParallelGC -XX:GCTimeRatio=4 -XX:AdaptiveSizePolicyWeight=90 -Dsun.zip.disableMemoryMapping=true -Xmx2G -Xms100m -Xlog:disable -javaagent:c:\Users\Soumili\.vscode\extensions\redhat.java-1.46.0-win32-x64\lombok\lombok-1.18.39-4050.jar -XX:+HeapDumpOnOutOfMemoryError -XX:HeapDumpPath=c:\Users\Soumili\AppData\Roaming\Code\User\workspaceStorage\1b5255a89f19ab4e8fe8b9ba8ee5ed69\redhat.java -Daether.dependencyCollector.impl=bf c:\Users\Soumili\.vscode\extensions\redhat.java-1.46.0-win32-x64\server\plugins\org.eclipse.equinox.launcher_1.7.0.v20250519-0528.jar -configuration c:\Users\Soumili\AppData\Roaming\Code\User\globalStorage\redhat.java\1.46.0\config_win -data c:\Users\Soumili\AppData\Roaming\Code\User\workspaceStorage\1b5255a89f19ab4e8fe8b9ba8ee5ed69\redhat.java\jdt_ws --pipe=\\.\pipe\lsp-948edab6bc396df77c487f9772f26d8b-sock

Host: AMD Ryzen 5 5600H with Radeon Graphics         , 12 cores, 7G,  Windows 11 , 64 bit Build 26100 (10.0.26100.5074)
Time: Sat Oct  4 14:26:20 2025 India Standard Time elapsed time: 190.918912 seconds (0d 0h 3m 10s)

---------------  T H R E A D  ---------------

Current thread (0x0000028db82893b0):  JavaThread "C2 CompilerThread0" daemon [_thread_in_native, id=19640, stack(0x000000f9f6900000,0x000000f9f6a00000) (1024K)]


Current CompileTask:
C2:190919 4641       4       org.eclipse.osgi.internal.serviceregistry.ServiceRegistry::notifyHooksPrivileged (57 bytes)

Stack: [0x000000f9f6900000,0x000000f9f6a00000]
Native frames: (J=compiled Java code, j=interpreted, Vv=VM code, C=native code)
V  [jvm.dll+0x6d2449]
V  [jvm.dll+0x8ae341]
V  [jvm.dll+0x8b08be]
V  [jvm.dll+0x8b0fa3]
V  [jvm.dll+0x280c96]
V  [jvm.dll+0xc581d]
V  [jvm.dll+0xc5d53]
V  [jvm.dll+0x3b9162]
V  [jvm.dll+0x385315]
V  [jvm.dll+0x38477a]
V  [jvm.dll+0x248ed0]
V  [jvm.dll+0x2484af]
V  [jvm.dll+0x1c89ee]
V  [jvm.dll+0x257d4d]
V  [jvm.dll+0x2562ea]
V  [jvm.dll+0x3f2d16]
V  [jvm.dll+0x857e6b]
V  [jvm.dll+0x6d0b0d]
C  [ucrtbase.dll+0x37b0]
C  [KERNEL32.DLL+0x2e8d7]
C  [ntdll.dll+0x8d9c]


---------------  P R O C E S S  ---------------

Threads class SMR info:
_java_thread_list=0x0000028e165e15e0, length=22, elements={
0x0000028db82e97a0, 0x0000028db839dc80, 0x0000028db827d7c0, 0x0000028db827f7e0,
0x0000028db82807f0, 0x0000028db8283b00, 0x0000028db8286560, 0x0000028db82893b0,
0x0000028e110347d0, 0x0000028db83576a0, 0x0000028e112bc3c0, 0x0000028e166aada0,
0x0000028e166ac150, 0x0000028e166abac0, 0x0000028e166ac7e0, 0x0000028e16de6940,
0x0000028e16de62b0, 0x0000028e16de4f00, 0x0000028e16de2e30, 0x0000028e16de34c0,
0x0000028e16de6fd0, 0x0000028e16de3b50
}

Java Threads: ( => current thread )
  0x0000028db82e97a0 JavaThread "main"                              [_thread_blocked, id=26588, stack(0x000000f9f5f00000,0x000000f9f6000000) (1024K)]
  0x0000028db839dc80 JavaThread "Reference Handler"          daemon [_thread_blocked, id=37456, stack(0x000000f9f6300000,0x000000f9f6400000) (1024K)]
  0x0000028db827d7c0 JavaThread "Finalizer"                  daemon [_thread_blocked, id=14400, stack(0x000000f9f6400000,0x000000f9f6500000) (1024K)]
  0x0000028db827f7e0 JavaThread "Signal Dispatcher"          daemon [_thread_blocked, id=32336, stack(0x000000f9f6500000,0x000000f9f6600000) (1024K)]
  0x0000028db82807f0 JavaThread "Attach Listener"            daemon [_thread_blocked, id=38276, stack(0x000000f9f6600000,0x000000f9f6700000) (1024K)]
  0x0000028db8283b00 JavaThread "Service Thread"             daemon [_thread_blocked, id=28920, stack(0x000000f9f6700000,0x000000f9f6800000) (1024K)]
  0x0000028db8286560 JavaThread "Monitor Deflation Thread"   daemon [_thread_blocked, id=2596, stack(0x000000f9f6800000,0x000000f9f6900000) (1024K)]
=>0x0000028db82893b0 JavaThread "C2 CompilerThread0"         daemon [_thread_in_native, id=19640, stack(0x000000f9f6900000,0x000000f9f6a00000) (1024K)]
  0x0000028e110347d0 JavaThread "C1 CompilerThread0"         daemon [_thread_blocked, id=39852, stack(0x000000f9f6a00000,0x000000f9f6b00000) (1024K)]
  0x0000028db83576a0 JavaThread "Common-Cleaner"             daemon [_thread_blocked, id=19228, stack(0x000000f9f6b00000,0x000000f9f6c00000) (1024K)]
  0x0000028e112bc3c0 JavaThread "Notification Thread"        daemon [_thread_blocked, id=28584, stack(0x000000f9f6c00000,0x000000f9f6d00000) (1024K)]
  0x0000028e166aada0 JavaThread "Active Thread: Equinox Container: 9eb0e6a3-f0d3-4484-ada7-b24fce5633a9"        [_thread_blocked, id=22788, stack(0x000000f9f7900000,0x000000f9f7a00000) (1024K)]
  0x0000028e166ac150 JavaThread "Framework Event Dispatcher: Equinox Container: 9eb0e6a3-f0d3-4484-ada7-b24fce5633a9" daemon [_thread_blocked, id=25436, stack(0x000000f9f7300000,0x000000f9f7400000) (1024K)]
  0x0000028e166abac0 JavaThread "Start Level: Equinox Container: 9eb0e6a3-f0d3-4484-ada7-b24fce5633a9" daemon [_thread_in_vm, id=39776, stack(0x000000f9f7500000,0x000000f9f7600000) (1024K)]
  0x0000028e166ac7e0 JavaThread "Refresh Thread: Equinox Container: 9eb0e6a3-f0d3-4484-ada7-b24fce5633a9" daemon [_thread_blocked, id=4708, stack(0x000000f9f7600000,0x000000f9f7700000) (1024K)]
  0x0000028e16de6940 JavaThread "Bundle File Closer"         daemon [_thread_blocked, id=11984, stack(0x000000f9f8600000,0x000000f9f8700000) (1024K)]
  0x0000028e16de62b0 JavaThread "SCR Component Actor"        daemon [_thread_blocked, id=29396, stack(0x000000f9f5c00000,0x000000f9f5d00000) (1024K)]
  0x0000028e16de4f00 JavaThread "Worker-JM"                         [_thread_blocked, id=37576, stack(0x000000f9f5d00000,0x000000f9f5e00000) (1024K)]
  0x0000028e16de2e30 JavaThread "Worker-0: Repository registry initialization"        [_thread_blocked, id=39172, stack(0x000000f9f7700000,0x000000f9f7800000) (1024K)]
  0x0000028e16de34c0 JavaThread "Worker-1: Updating Maven Dependencies"        [_thread_in_vm, id=39488, stack(0x000000f9f7800000,0x000000f9f7900000) (1024K)]
  0x0000028e16de6fd0 JavaThread "Worker-2"                          [_thread_blocked, id=27604, stack(0x000000f9f7a00000,0x000000f9f7b00000) (1024K)]
  0x0000028e16de3b50 JavaThread "Worker-3"                          [_thread_blocked, id=21892, stack(0x000000f9f7b00000,0x000000f9f7c00000) (1024K)]
Total: 22

Other Threads:
  0x0000028db838bb60 VMThread "VM Thread"                           [id=36112, stack(0x000000f9f6200000,0x000000f9f6300000) (1024K)]
  0x0000028db816ca00 WatcherThread "VM Periodic Task Thread"        [id=23180, stack(0x000000f9f6100000,0x000000f9f6200000) (1024K)]
  0x0000028db8307c70 WorkerThread "GC Thread#0"                     [id=34140, stack(0x000000f9f6000000,0x000000f9f6100000) (1024K)]
  0x0000028e113a7060 WorkerThread "GC Thread#1"                     [id=38252, stack(0x000000f9f6d00000,0x000000f9f6e00000) (1024K)]
  0x0000028e113a7400 WorkerThread "GC Thread#2"                     [id=20120, stack(0x000000f9f6e00000,0x000000f9f6f00000) (1024K)]
  0x0000028e164cb810 WorkerThread "GC Thread#3"                     [id=32640, stack(0x000000f9f6f00000,0x000000f9f7000000) (1024K)]
  0x0000028e164cbbb0 WorkerThread "GC Thread#4"                     [id=35480, stack(0x000000f9f7000000,0x000000f9f7100000) (1024K)]
  0x0000028e164cbf50 WorkerThread "GC Thread#5"                     [id=8128, stack(0x000000f9f7100000,0x000000f9f7200000) (1024K)]
  0x0000028e164cc2f0 WorkerThread "GC Thread#6"                     [id=35152, stack(0x000000f9f7200000,0x000000f9f7300000) (1024K)]
  0x0000028e16584cc0 WorkerThread "GC Thread#7"                     [id=31148, stack(0x000000f9f7400000,0x000000f9f7500000) (1024K)]
  0x0000028e16586280 WorkerThread "GC Thread#8"                     [id=17828, stack(0x000000f9f8400000,0x000000f9f8500000) (1024K)]
  0x0000028e16586620 WorkerThread "GC Thread#9"                     [id=2484, stack(0x000000f9f8500000,0x000000f9f8600000) (1024K)]
Total: 12

Threads with active compile tasks:
C2 CompilerThread0  192051 4641       4       org.eclipse.osgi.internal.serviceregistry.ServiceRegistry::notifyHooksPrivileged (57 bytes)
Total: 1

VM state: not at safepoint (normal execution)

VM Mutex/Monitor currently owned by a thread: None

Heap address: 0x0000000080000000, size: 2048 MB, Compressed Oops mode: 32-bit

CDS archive(s) mapped at: [0x0000028dcf000000-0x0000028dcfba0000-0x0000028dcfba0000), size 12189696, SharedBaseAddress: 0x0000028dcf000000, ArchiveRelocationMode: 1.
Compressed class space mapped at: 0x0000028dd0000000-0x0000028e10000000, reserved size: 1073741824
Narrow klass base: 0x0000028dcf000000, Narrow klass shift: 0, Narrow klass range: 0x100000000

GC Precious Log:
 CardTable entry size: 512
 CPUs: 12 total, 12 available
 Memory: 7521M
 Large Page Support: Disabled
 NUMA Support: Disabled
 Compressed Oops: Enabled (32-bit)
 Alignments: Space 512K, Generation 512K, Heap 2M
 Heap Min Capacity: 100M
 Heap Initial Capacity: 100M
 Heap Max Capacity: 2G
 Pre-touch: Disabled
 Parallel Workers: 10

Heap:
 PSYoungGen      total 24064K, used 15346K [0x00000000d5580000, 0x00000000d7100000, 0x0000000100000000)
  eden space 22528K, 64% used [0x00000000d5580000,0x00000000d639bcc0,0x00000000d6b80000)
  from space 1536K, 58% used [0x00000000d6e80000,0x00000000d6f60d28,0x00000000d7000000)
  to   space 1024K, 0% used [0x00000000d7000000,0x00000000d7000000,0x00000000d7100000)
 ParOldGen       total 68608K, used 13489K [0x0000000080000000, 0x0000000084300000, 0x00000000d5580000)
  object space 68608K, 19% used [0x0000000080000000,0x0000000080d2c630,0x0000000084300000)
 Metaspace       used 28056K, committed 28928K, reserved 1114112K
  class space    used 2841K, committed 3200K, reserved 1048576K

Card table byte_map: [0x0000028db7c80000,0x0000028db8090000] _byte_map_base: 0x0000028db7880000

Marking Bits: (ParMarkBitMap*) 0x00007ff82876a340
 Begin Bits: [0x0000028dca780000, 0x0000028dcc780000)
 End Bits:   [0x0000028dcc780000, 0x0000028dce780000)

Polling page: 0x0000028db6060000

Metaspace:

Usage:
  Non-class:     24.63 MB used.
      Class:      2.78 MB used.
       Both:     27.40 MB used.

Virtual space:
  Non-class space:       64.00 MB reserved,      25.12 MB ( 39%) committed,  1 nodes.
      Class space:        1.00 GB reserved,       3.12 MB ( <1%) committed,  1 nodes.
             Both:        1.06 GB reserved,      28.25 MB (  3%) committed. 

Chunk freelists:
   Non-Class:  6.91 MB
       Class:  12.77 MB
        Both:  19.67 MB

MaxMetaspaceSize: unlimited
CompressedClassSpaceSize: 1.00 GB
Initial GC threshold: 21.00 MB
Current GC threshold: 35.00 MB
CDS: on
 - commit_granule_bytes: 65536.
 - commit_granule_words: 8192.
 - virtual_space_node_default_size: 8388608.
 - enlarge_chunks_in_place: 1.
 - use_allocation_guard: 0.


Internal statistics:

num_allocs_failed_limit: 3.
num_arena_births: 660.
num_arena_deaths: 14.
num_vsnodes_births: 2.
num_vsnodes_deaths: 0.
num_space_committed: 452.
num_space_uncommitted: 0.
num_chunks_returned_to_freelist: 17.
num_chunks_taken_from_freelist: 1807.
num_chunk_merges: 7.
num_chunk_splits: 1140.
num_chunks_enlarged: 693.
num_inconsistent_stats: 0.

CodeHeap 'non-profiled nmethods': size=120000Kb used=2140Kb max_used=2140Kb free=117859Kb
 bounds [0x0000028dc2fa0000, 0x0000028dc3210000, 0x0000028dca4d0000]
CodeHeap 'profiled nmethods': size=120000Kb used=10203Kb max_used=10203Kb free=109796Kb
 bounds [0x0000028dbb4d0000, 0x0000028dbbed0000, 0x0000028dc2a00000]
CodeHeap 'non-nmethods': size=5760Kb used=1321Kb max_used=1322Kb free=4438Kb
 bounds [0x0000028dc2a00000, 0x0000028dc2c70000, 0x0000028dc2fa0000]
CodeCache: size=245760Kb, used=13664Kb, max_used=13665Kb, free=232093Kb
 total_blobs=5309, nmethods=4700, adapters=515, full_count=0
Compilation: enabled, stopped_count=0, restarted_count=0

Compilation events (20 events):
Event: 189.830 Thread 0x0000028e110347d0 4674       1       lombok.patcher.MethodLogistics::getReturnOpcode (5 bytes)
Event: 189.830 Thread 0x0000028e110347d0 nmethod 4674 0x0000028dc31b5e10 code [0x0000028dc31b5fa0, 0x0000028dc31b6068]
Event: 189.831 Thread 0x0000028e110347d0 4675       3       java.util.ArrayList$SubList::toArray (79 bytes)
Event: 189.832 Thread 0x0000028e110347d0 nmethod 4675 0x0000028dbbea1090 code [0x0000028dbbea12a0, 0x0000028dbbea1960]
Event: 189.832 Thread 0x0000028e110347d0 4676       3       org.lombokweb.asm.MethodWriter::visitLabel (332 bytes)
Event: 189.833 Thread 0x0000028e110347d0 nmethod 4676 0x0000028dbbea1b90 code [0x0000028dbbea1de0, 0x0000028dbbea26d8]
Event: 189.833 Thread 0x0000028e110347d0 4678       3       org.lombokweb.asm.MethodWriter::visitFrame (811 bytes)
Event: 189.846 Thread 0x0000028e110347d0 nmethod 4678 0x0000028dbbea2910 code [0x0000028dbbea2e60, 0x0000028dbbea50d0]
Event: 189.847 Thread 0x0000028e110347d0 4677       3       org.lombokweb.asm.SymbolTable::addConstantMethodref (24 bytes)
Event: 189.847 Thread 0x0000028e110347d0 nmethod 4677 0x0000028dbbea6010 code [0x0000028dbbea61c0, 0x0000028dbbea6360]
Event: 189.854 Thread 0x0000028e110347d0 4679       3       java.util.stream.SortedOps$SizedRefSortingSink::accept (18 bytes)
Event: 189.854 Thread 0x0000028e110347d0 nmethod 4679 0x0000028dbbea6410 code [0x0000028dbbea65c0, 0x0000028dbbea6840]
Event: 189.886 Thread 0x0000028e110347d0 4680   !   3       java.lang.reflect.Executable::declaredAnnotations (85 bytes)
Event: 189.887 Thread 0x0000028e110347d0 nmethod 4680 0x0000028dbbea6990 code [0x0000028dbbea6be0, 0x0000028dbbea7490]
Event: 189.887 Thread 0x0000028e110347d0 4682       3       java.lang.reflect.Method::getAnnotation (6 bytes)
Event: 189.890 Thread 0x0000028e110347d0 nmethod 4682 0x0000028dbbea7810 code [0x0000028dbbea7a40, 0x0000028dbbea8128]
Event: 189.890 Thread 0x0000028e110347d0 4681       1       java.lang.reflect.Method::getAnnotationBytes (5 bytes)
Event: 189.891 Thread 0x0000028e110347d0 nmethod 4681 0x0000028dc31b6110 code [0x0000028dc31b62a0, 0x0000028dc31b6368]
Event: 189.893 Thread 0x0000028e110347d0 4683       3       com.google.common.collect.AbstractIndexedListIterator::hasNext (17 bytes)
Event: 189.894 Thread 0x0000028e110347d0 nmethod 4683 0x0000028dbbea8390 code [0x0000028dbbea8520, 0x0000028dbbea8688]

GC Heap History (20 events):
Event: 19.512 GC heap before
{Heap before GC invocations=3 (full 0):
 PSYoungGen      total 29696K, used 29671K [0x00000000d5580000, 0x00000000d7680000, 0x0000000100000000)
  eden space 25600K, 100% used [0x00000000d5580000,0x00000000d6e80000,0x00000000d6e80000)
  from space 4096K, 99% used [0x00000000d7280000,0x00000000d7679e18,0x00000000d7680000)
  to   space 4096K, 0% used [0x00000000d6e80000,0x00000000d6e80000,0x00000000d7280000)
 ParOldGen       total 68608K, used 96K [0x0000000080000000, 0x0000000084300000, 0x00000000d5580000)
  object space 68608K, 0% used [0x0000000080000000,0x0000000080018000,0x0000000084300000)
 Metaspace       used 8799K, committed 9152K, reserved 1114112K
  class space    used 916K, committed 1088K, reserved 1048576K
}
Event: 19.526 GC heap after
{Heap after GC invocations=3 (full 0):
 PSYoungGen      total 29696K, used 4077K [0x00000000d5580000, 0x00000000d7680000, 0x0000000100000000)
  eden space 25600K, 0% used [0x00000000d5580000,0x00000000d5580000,0x00000000d6e80000)
  from space 4096K, 99% used [0x00000000d6e80000,0x00000000d727b5d0,0x00000000d7280000)
  to   space 4096K, 0% used [0x00000000d7280000,0x00000000d7280000,0x00000000d7680000)
 ParOldGen       total 68608K, used 4796K [0x0000000080000000, 0x0000000084300000, 0x00000000d5580000)
  object space 68608K, 6% used [0x0000000080000000,0x00000000804af080,0x0000000084300000)
 Metaspace       used 8799K, committed 9152K, reserved 1114112K
  class space    used 916K, committed 1088K, reserved 1048576K
}
Event: 27.013 GC heap before
{Heap before GC invocations=4 (full 0):
 PSYoungGen      total 29696K, used 29677K [0x00000000d5580000, 0x00000000d7680000, 0x0000000100000000)
  eden space 25600K, 100% used [0x00000000d5580000,0x00000000d6e80000,0x00000000d6e80000)
  from space 4096K, 99% used [0x00000000d6e80000,0x00000000d727b5d0,0x00000000d7280000)
  to   space 4096K, 0% used [0x00000000d7280000,0x00000000d7280000,0x00000000d7680000)
 ParOldGen       total 68608K, used 4796K [0x0000000080000000, 0x0000000084300000, 0x00000000d5580000)
  object space 68608K, 6% used [0x0000000080000000,0x00000000804af080,0x0000000084300000)
 Metaspace       used 10047K, committed 10304K, reserved 1114112K
  class space    used 1049K, committed 1152K, reserved 1048576K
}
Event: 27.023 GC heap after
{Heap after GC invocations=4 (full 0):
 PSYoungGen      total 29696K, used 4079K [0x00000000d5580000, 0x00000000d7680000, 0x0000000100000000)
  eden space 25600K, 0% used [0x00000000d5580000,0x00000000d5580000,0x00000000d6e80000)
  from space 4096K, 99% used [0x00000000d7280000,0x00000000d767bd88,0x00000000d7680000)
  to   space 4096K, 0% used [0x00000000d6e80000,0x00000000d6e80000,0x00000000d7280000)
 ParOldGen       total 68608K, used 6358K [0x0000000080000000, 0x0000000084300000, 0x00000000d5580000)
  object space 68608K, 9% used [0x0000000080000000,0x0000000080635b68,0x0000000084300000)
 Metaspace       used 10047K, committed 10304K, reserved 1114112K
  class space    used 1049K, committed 1152K, reserved 1048576K
}
Event: 173.662 GC heap before
{Heap before GC invocations=5 (full 0):
 PSYoungGen      total 29696K, used 29679K [0x00000000d5580000, 0x00000000d7680000, 0x0000000100000000)
  eden space 25600K, 100% used [0x00000000d5580000,0x00000000d6e80000,0x00000000d6e80000)
  from space 4096K, 99% used [0x00000000d7280000,0x00000000d767bd88,0x00000000d7680000)
  to   space 4096K, 0% used [0x00000000d6e80000,0x00000000d6e80000,0x00000000d7280000)
 ParOldGen       total 68608K, used 6358K [0x0000000080000000, 0x0000000084300000, 0x00000000d5580000)
  object space 68608K, 9% used [0x0000000080000000,0x0000000080635b68,0x0000000084300000)
 Metaspace       used 11875K, committed 12224K, reserved 1114112K
  class space    used 1211K, committed 1408K, reserved 1048576K
}
Event: 175.440 GC heap after
{Heap after GC invocations=5 (full 0):
 PSYoungGen      total 29184K, used 4081K [0x00000000d5580000, 0x00000000d7a00000, 0x0000000100000000)
  eden space 25088K, 0% used [0x00000000d5580000,0x00000000d5580000,0x00000000d6e00000)
  from space 4096K, 99% used [0x00000000d6e80000,0x00000000d727c588,0x00000000d7280000)
  to   space 6144K, 0% used [0x00000000d7400000,0x00000000d7400000,0x00000000d7a00000)
 ParOldGen       total 68608K, used 8032K [0x0000000080000000, 0x0000000084300000, 0x00000000d5580000)
  object space 68608K, 11% used [0x0000000080000000,0x00000000807d80c0,0x0000000084300000)
 Metaspace       used 11875K, committed 12224K, reserved 1114112K
  class space    used 1211K, committed 1408K, reserved 1048576K
}
Event: 181.321 GC heap before
{Heap before GC invocations=6 (full 0):
 PSYoungGen      total 29184K, used 29169K [0x00000000d5580000, 0x00000000d7a00000, 0x0000000100000000)
  eden space 25088K, 100% used [0x00000000d5580000,0x00000000d6e00000,0x00000000d6e00000)
  from space 4096K, 99% used [0x00000000d6e80000,0x00000000d727c588,0x00000000d7280000)
  to   space 6144K, 0% used [0x00000000d7400000,0x00000000d7400000,0x00000000d7a00000)
 ParOldGen       total 68608K, used 8032K [0x0000000080000000, 0x0000000084300000, 0x00000000d5580000)
  object space 68608K, 11% used [0x0000000080000000,0x00000000807d80c0,0x0000000084300000)
 Metaspace       used 15236K, committed 15808K, reserved 1114112K
  class space    used 1531K, committed 1792K, reserved 1048576K
}
Event: 181.361 GC heap after
{Heap after GC invocations=6 (full 0):
 PSYoungGen      total 30208K, used 5498K [0x00000000d5580000, 0x00000000d7980000, 0x0000000100000000)
  eden space 24576K, 0% used [0x00000000d5580000,0x00000000d5580000,0x00000000d6d80000)
  from space 5632K, 97% used [0x00000000d7400000,0x00000000d795ead8,0x00000000d7980000)
  to   space 5632K, 0% used [0x00000000d6e80000,0x00000000d6e80000,0x00000000d7400000)
 ParOldGen       total 68608K, used 8104K [0x0000000080000000, 0x0000000084300000, 0x00000000d5580000)
  object space 68608K, 11% used [0x0000000080000000,0x00000000807ea0d0,0x0000000084300000)
 Metaspace       used 15236K, committed 15808K, reserved 1114112K
  class space    used 1531K, committed 1792K, reserved 1048576K
}
Event: 184.670 GC heap before
{Heap before GC invocations=7 (full 0):
 PSYoungGen      total 30208K, used 30074K [0x00000000d5580000, 0x00000000d7980000, 0x0000000100000000)
  eden space 24576K, 100% used [0x00000000d5580000,0x00000000d6d80000,0x00000000d6d80000)
  from space 5632K, 97% used [0x00000000d7400000,0x00000000d795ead8,0x00000000d7980000)
  to   space 5632K, 0% used [0x00000000d6e80000,0x00000000d6e80000,0x00000000d7400000)
 ParOldGen       total 68608K, used 8104K [0x0000000080000000, 0x0000000084300000, 0x00000000d5580000)
  object space 68608K, 11% used [0x0000000080000000,0x00000000807ea0d0,0x0000000084300000)
 Metaspace       used 18279K, committed 19008K, reserved 1114112K
  class space    used 1865K, committed 2176K, reserved 1048576K
}
Event: 184.708 GC heap after
{Heap after GC invocations=7 (full 0):
 PSYoungGen      total 29696K, used 5220K [0x00000000d5580000, 0x00000000d7800000, 0x0000000100000000)
  eden space 24064K, 0% used [0x00000000d5580000,0x00000000d5580000,0x00000000d6d00000)
  from space 5632K, 92% used [0x00000000d6e80000,0x00000000d7399268,0x00000000d7400000)
  to   space 4096K, 0% used [0x00000000d7400000,0x00000000d7400000,0x00000000d7800000)
 ParOldGen       total 68608K, used 9208K [0x0000000080000000, 0x0000000084300000, 0x00000000d5580000)
  object space 68608K, 13% used [0x0000000080000000,0x00000000808fe0d8,0x0000000084300000)
 Metaspace       used 18279K, committed 19008K, reserved 1114112K
  class space    used 1865K, committed 2176K, reserved 1048576K
}
Event: 186.738 GC heap before
{Heap before GC invocations=8 (full 0):
 PSYoungGen      total 29696K, used 29208K [0x00000000d5580000, 0x00000000d7800000, 0x0000000100000000)
  eden space 24064K, 99% used [0x00000000d5580000,0x00000000d6cecf10,0x00000000d6d00000)
  from space 5632K, 92% used [0x00000000d6e80000,0x00000000d7399268,0x00000000d7400000)
  to   space 4096K, 0% used [0x00000000d7400000,0x00000000d7400000,0x00000000d7800000)
 ParOldGen       total 68608K, used 9208K [0x0000000080000000, 0x0000000084300000, 0x00000000d5580000)
  object space 68608K, 13% used [0x0000000080000000,0x00000000808fe0d8,0x0000000084300000)
 Metaspace       used 20538K, committed 21312K, reserved 1114112K
  class space    used 2100K, committed 2432K, reserved 1048576K
}
Event: 186.750 GC heap after
{Heap after GC invocations=8 (full 0):
 PSYoungGen      total 27648K, used 4088K [0x00000000d5580000, 0x00000000d7880000, 0x0000000100000000)
  eden space 23552K, 0% used [0x00000000d5580000,0x00000000d5580000,0x00000000d6c80000)
  from space 4096K, 99% used [0x00000000d7400000,0x00000000d77fe2f0,0x00000000d7800000)
  to   space 6144K, 0% used [0x00000000d6c80000,0x00000000d6c80000,0x00000000d7280000)
 ParOldGen       total 68608K, used 10957K [0x0000000080000000, 0x0000000084300000, 0x00000000d5580000)
  object space 68608K, 15% used [0x0000000080000000,0x0000000080ab35c8,0x0000000084300000)
 Metaspace       used 20538K, committed 21312K, reserved 1114112K
  class space    used 2100K, committed 2432K, reserved 1048576K
}
Event: 186.791 GC heap before
{Heap before GC invocations=9 (full 0):
 PSYoungGen      total 27648K, used 5030K [0x00000000d5580000, 0x00000000d7880000, 0x0000000100000000)
  eden space 23552K, 3% used [0x00000000d5580000,0x00000000d566b770,0x00000000d6c80000)
  from space 4096K, 99% used [0x00000000d7400000,0x00000000d77fe2f0,0x00000000d7800000)
  to   space 6144K, 0% used [0x00000000d6c80000,0x00000000d6c80000,0x00000000d7280000)
 ParOldGen       total 68608K, used 10957K [0x0000000080000000, 0x0000000084300000, 0x00000000d5580000)
  object space 68608K, 15% used [0x0000000080000000,0x0000000080ab35c8,0x0000000084300000)
 Metaspace       used 20720K, committed 21504K, reserved 1114112K
  class space    used 2111K, committed 2432K, reserved 1048576K
}
Event: 186.803 GC heap after
{Heap after GC invocations=9 (full 0):
 PSYoungGen      total 26112K, used 2347K [0x00000000d5580000, 0x00000000d7480000, 0x0000000100000000)
  eden space 23552K, 0% used [0x00000000d5580000,0x00000000d5580000,0x00000000d6c80000)
  from space 2560K, 91% used [0x00000000d6c80000,0x00000000d6ecad98,0x00000000d6f00000)
  to   space 4096K, 0% used [0x00000000d7080000,0x00000000d7080000,0x00000000d7480000)
 ParOldGen       total 68608K, used 12907K [0x0000000080000000, 0x0000000084300000, 0x00000000d5580000)
  object space 68608K, 18% used [0x0000000080000000,0x0000000080c9afa8,0x0000000084300000)
 Metaspace       used 20720K, committed 21504K, reserved 1114112K
  class space    used 2111K, committed 2432K, reserved 1048576K
}
Event: 186.803 GC heap before
{Heap before GC invocations=10 (full 1):
 PSYoungGen      total 26112K, used 2347K [0x00000000d5580000, 0x00000000d7480000, 0x0000000100000000)
  eden space 23552K, 0% used [0x00000000d5580000,0x00000000d5580000,0x00000000d6c80000)
  from space 2560K, 91% used [0x00000000d6c80000,0x00000000d6ecad98,0x00000000d6f00000)
  to   space 4096K, 0% used [0x00000000d7080000,0x00000000d7080000,0x00000000d7480000)
 ParOldGen       total 68608K, used 12907K [0x0000000080000000, 0x0000000084300000, 0x00000000d5580000)
  object space 68608K, 18% used [0x0000000080000000,0x0000000080c9afa8,0x0000000084300000)
 Metaspace       used 20720K, committed 21504K, reserved 1114112K
  class space    used 2111K, committed 2432K, reserved 1048576K
}
Event: 188.743 GC heap after
{Heap after GC invocations=10 (full 1):
 PSYoungGen      total 26112K, used 0K [0x00000000d5580000, 0x00000000d7480000, 0x0000000100000000)
  eden space 23552K, 0% used [0x00000000d5580000,0x00000000d5580000,0x00000000d6c80000)
  from space 2560K, 0% used [0x00000000d6c80000,0x00000000d6c80000,0x00000000d6f00000)
  to   space 4096K, 0% used [0x00000000d7080000,0x00000000d7080000,0x00000000d7480000)
 ParOldGen       total 68608K, used 13179K [0x0000000080000000, 0x0000000084300000, 0x00000000d5580000)
  object space 68608K, 19% used [0x0000000080000000,0x0000000080cdeda8,0x0000000084300000)
 Metaspace       used 20707K, committed 21504K, reserved 1114112K
  class space    used 2107K, committed 2432K, reserved 1048576K
}
Event: 189.169 GC heap before
{Heap before GC invocations=11 (full 1):
 PSYoungGen      total 26112K, used 23552K [0x00000000d5580000, 0x00000000d7480000, 0x0000000100000000)
  eden space 23552K, 100% used [0x00000000d5580000,0x00000000d6c80000,0x00000000d6c80000)
  from space 2560K, 0% used [0x00000000d6c80000,0x00000000d6c80000,0x00000000d6f00000)
  to   space 4096K, 0% used [0x00000000d7080000,0x00000000d7080000,0x00000000d7480000)
 ParOldGen       total 68608K, used 13179K [0x0000000080000000, 0x0000000084300000, 0x00000000d5580000)
  object space 68608K, 19% used [0x0000000080000000,0x0000000080cdeda8,0x0000000084300000)
 Metaspace       used 22792K, committed 23680K, reserved 1114112K
  class space    used 2320K, committed 2688K, reserved 1048576K
}
Event: 189.174 GC heap after
{Heap after GC invocations=11 (full 1):
 PSYoungGen      total 24064K, used 544K [0x00000000d5580000, 0x00000000d7180000, 0x0000000100000000)
  eden space 23040K, 0% used [0x00000000d5580000,0x00000000d5580000,0x00000000d6c00000)
  from space 1024K, 53% used [0x00000000d7080000,0x00000000d7108000,0x00000000d7180000)
  to   space 1536K, 0% used [0x00000000d6e80000,0x00000000d6e80000,0x00000000d7000000)
 ParOldGen       total 68608K, used 13187K [0x0000000080000000, 0x0000000084300000, 0x00000000d5580000)
  object space 68608K, 19% used [0x0000000080000000,0x0000000080ce0da8,0x0000000084300000)
 Metaspace       used 22792K, committed 23680K, reserved 1114112K
  class space    used 2320K, committed 2688K, reserved 1048576K
}
Event: 189.630 GC heap before
{Heap before GC invocations=12 (full 1):
 PSYoungGen      total 24064K, used 23584K [0x00000000d5580000, 0x00000000d7180000, 0x0000000100000000)
  eden space 23040K, 100% used [0x00000000d5580000,0x00000000d6c00000,0x00000000d6c00000)
  from space 1024K, 53% used [0x00000000d7080000,0x00000000d7108000,0x00000000d7180000)
  to   space 1536K, 0% used [0x00000000d6e80000,0x00000000d6e80000,0x00000000d7000000)
 ParOldGen       total 68608K, used 13187K [0x0000000080000000, 0x0000000084300000, 0x00000000d5580000)
  object space 68608K, 19% used [0x0000000080000000,0x0000000080ce0da8,0x0000000084300000)
 Metaspace       used 26326K, committed 27200K, reserved 1114112K
  class space    used 2669K, committed 3072K, reserved 1048576K
}
Event: 189.633 GC heap after
{Heap after GC invocations=12 (full 1):
 PSYoungGen      total 24064K, used 899K [0x00000000d5580000, 0x00000000d7100000, 0x0000000100000000)
  eden space 22528K, 0% used [0x00000000d5580000,0x00000000d5580000,0x00000000d6b80000)
  from space 1536K, 58% used [0x00000000d6e80000,0x00000000d6f60d28,0x00000000d7000000)
  to   space 1024K, 0% used [0x00000000d7000000,0x00000000d7000000,0x00000000d7100000)
 ParOldGen       total 68608K, used 13489K [0x0000000080000000, 0x0000000084300000, 0x00000000d5580000)
  object space 68608K, 19% used [0x0000000080000000,0x0000000080d2c630,0x0000000084300000)
 Metaspace       used 26326K, committed 27200K, reserved 1114112K
  class space    used 2669K, committed 3072K, reserved 1048576K
}

Dll operation events (11 events):
Event: 0.020 Loaded shared library c:\Users\Soumili\.vscode\extensions\redhat.java-1.46.0-win32-x64\jre\21.0.8-win32-x86_64\bin\java.dll
Event: 0.329 Loaded shared library c:\Users\Soumili\.vscode\extensions\redhat.java-1.46.0-win32-x64\jre\21.0.8-win32-x86_64\bin\zip.dll
Event: 0.461 Loaded shared library C:\Users\Soumili\.vscode\extensions\redhat.java-1.46.0-win32-x64\jre\21.0.8-win32-x86_64\bin\instrument.dll
Event: 0.485 Loaded shared library C:\Users\Soumili\.vscode\extensions\redhat.java-1.46.0-win32-x64\jre\21.0.8-win32-x86_64\bin\net.dll
Event: 0.490 Loaded shared library C:\Users\Soumili\.vscode\extensions\redhat.java-1.46.0-win32-x64\jre\21.0.8-win32-x86_64\bin\nio.dll
Event: 0.502 Loaded shared library C:\Users\Soumili\.vscode\extensions\redhat.java-1.46.0-win32-x64\jre\21.0.8-win32-x86_64\bin\zip.dll
Event: 0.571 Loaded shared library C:\Users\Soumili\.vscode\extensions\redhat.java-1.46.0-win32-x64\jre\21.0.8-win32-x86_64\bin\jimage.dll
Event: 0.722 Loaded shared library c:\Users\Soumili\.vscode\extensions\redhat.java-1.46.0-win32-x64\jre\21.0.8-win32-x86_64\bin\verify.dll
Event: 25.781 Loaded shared library C:\Users\Soumili\AppData\Roaming\Code\User\globalStorage\redhat.java\1.46.0\config_win\org.eclipse.equinox.launcher\org.eclipse.equinox.launcher.win32.win32.x86_64_1.2.1400.v20250801-0854\eclipse_11916.dll
Event: 182.695 Loaded shared library C:\Users\Soumili\.vscode\extensions\redhat.java-1.46.0-win32-x64\jre\21.0.8-win32-x86_64\bin\management.dll
Event: 182.775 Loaded shared library C:\Users\Soumili\.vscode\extensions\redhat.java-1.46.0-win32-x64\jre\21.0.8-win32-x86_64\bin\management_ext.dll

Deoptimization events (20 events):
Event: 188.781 Thread 0x0000028e16de34c0 DEOPT PACKING pc=0x0000028dc30dbfd8 sp=0x000000f9f78fe080
Event: 188.781 Thread 0x0000028e16de34c0 DEOPT UNPACKING pc=0x0000028dc2a53aa2 sp=0x000000f9f78fe020 mode 2
Event: 188.841 Thread 0x0000028e16de2e30 Uncommon trap: trap_request=0xffffff54 fr.pc=0x0000028dc313d39c relative=0x00000000000013bc
Event: 188.842 Thread 0x0000028e16de2e30 Uncommon trap: reason=speculate_null_assert action=make_not_entrant pc=0x0000028dc313d39c method=jdk.internal.util.ReferencedKeyMap.existingKey(Ljdk/internal/util/ReferencedKeyMap;Ljava/lang/Object;)Ljava/lang/Object; @ 18 c2
Event: 188.842 Thread 0x0000028e16de2e30 DEOPT PACKING pc=0x0000028dc313d39c sp=0x000000f9f77fe3e0
Event: 188.842 Thread 0x0000028e16de2e30 DEOPT UNPACKING pc=0x0000028dc2a53aa2 sp=0x000000f9f77fe2b0 mode 2
Event: 188.863 Thread 0x0000028e166abac0 DEOPT PACKING pc=0x0000028dbbaf273c sp=0x000000f9f75f4d50
Event: 188.863 Thread 0x0000028e166abac0 DEOPT UNPACKING pc=0x0000028dc2a54242 sp=0x000000f9f75f42e0 mode 0
Event: 188.882 Thread 0x0000028e16de2e30 Uncommon trap: trap_request=0xffffff45 fr.pc=0x0000028dc2ffcca8 relative=0x0000000000000108
Event: 188.882 Thread 0x0000028e16de2e30 Uncommon trap: reason=unstable_if action=reinterpret pc=0x0000028dc2ffcca8 method=jdk.internal.org.objectweb.asm.ByteVector.putShort(I)Ljdk/internal/org/objectweb/asm/ByteVector; @ 13 c2
Event: 188.882 Thread 0x0000028e16de2e30 DEOPT PACKING pc=0x0000028dc2ffcca8 sp=0x000000f9f77fd420
Event: 188.882 Thread 0x0000028e16de2e30 DEOPT UNPACKING pc=0x0000028dc2a53aa2 sp=0x000000f9f77fd3b8 mode 2
Event: 188.944 Thread 0x0000028e16de34c0 Uncommon trap: trap_request=0xffffff45 fr.pc=0x0000028dc3109440 relative=0x00000000000009e0
Event: 188.944 Thread 0x0000028e16de34c0 Uncommon trap: reason=unstable_if action=reinterpret pc=0x0000028dc3109440 method=java.io.BufferedInputStream.implRead([BII)I @ 30 c2
Event: 188.944 Thread 0x0000028e16de34c0 DEOPT PACKING pc=0x0000028dc3109440 sp=0x000000f9f78fe4a0
Event: 188.944 Thread 0x0000028e16de34c0 DEOPT UNPACKING pc=0x0000028dc2a53aa2 sp=0x000000f9f78fe3f8 mode 2
Event: 189.820 Thread 0x0000028e166abac0 Uncommon trap: trap_request=0xffffff45 fr.pc=0x0000028dc31b26a4 relative=0x0000000000000364
Event: 189.820 Thread 0x0000028e166abac0 Uncommon trap: reason=unstable_if action=reinterpret pc=0x0000028dc31b26a4 method=org.lombokweb.asm.Label.resolve([BLorg/lombokweb/asm/ByteVector;I)Z @ 81 c2
Event: 189.821 Thread 0x0000028e166abac0 DEOPT PACKING pc=0x0000028dc31b26a4 sp=0x000000f9f75f2420
Event: 189.821 Thread 0x0000028e166abac0 DEOPT UNPACKING pc=0x0000028dc2a53aa2 sp=0x000000f9f75f2328 mode 2

Classes loaded (20 events):
Event: 189.429 Loading class sun/reflect/annotation/TypeAnnotation$LocationInfo$Location
Event: 189.429 Loading class sun/reflect/annotation/TypeAnnotation$LocationInfo$Location done
Event: 189.429 Loading class sun/reflect/annotation/AnnotatedTypeFactory
Event: 189.430 Loading class sun/reflect/annotation/AnnotatedTypeFactory done
Event: 189.430 Loading class sun/reflect/annotation/AnnotatedTypeFactory$AnnotatedTypeBaseImpl
Event: 189.430 Loading class sun/reflect/annotation/AnnotatedTypeFactory$AnnotatedTypeBaseImpl done
Event: 189.596 Loading class java/lang/reflect/UndeclaredThrowableException
Event: 189.596 Loading class java/lang/reflect/UndeclaredThrowableException done
Event: 189.603 Loading class java/lang/annotation/ElementType
Event: 189.603 Loading class java/lang/annotation/ElementType done
Event: 189.603 Loading class java/lang/annotation/Documented
Event: 189.604 Loading class java/lang/annotation/Documented done
Event: 189.686 Loading class java/lang/reflect/ParameterizedType
Event: 189.686 Loading class java/lang/reflect/ParameterizedType done
Event: 189.710 Loading class java/lang/reflect/WildcardType
Event: 189.711 Loading class java/lang/reflect/WildcardType done
Event: 189.731 Loading class sun/reflect/generics/tree/TypeVariableSignature
Event: 189.735 Loading class sun/reflect/generics/tree/TypeVariableSignature done
Event: 189.803 Loading class java/lang/Deprecated
Event: 189.804 Loading class java/lang/Deprecated done

Classes unloaded (7 events):
Event: 186.958 Thread 0x0000028db838bb60 Unloading class 0x0000028dd01b5000 'java/lang/invoke/LambdaForm$MH+0x0000028dd01b5000'
Event: 186.958 Thread 0x0000028db838bb60 Unloading class 0x0000028dd01b4c00 'java/lang/invoke/LambdaForm$MH+0x0000028dd01b4c00'
Event: 186.963 Thread 0x0000028db838bb60 Unloading class 0x0000028dd01b4800 'java/lang/invoke/LambdaForm$MH+0x0000028dd01b4800'
Event: 186.963 Thread 0x0000028db838bb60 Unloading class 0x0000028dd01b4400 'java/lang/invoke/LambdaForm$MH+0x0000028dd01b4400'
Event: 186.963 Thread 0x0000028db838bb60 Unloading class 0x0000028dd01b4000 'java/lang/invoke/LambdaForm$BMH+0x0000028dd01b4000'
Event: 186.963 Thread 0x0000028db838bb60 Unloading class 0x0000028dd01b3c00 'java/lang/invoke/LambdaForm$DMH+0x0000028dd01b3c00'
Event: 186.963 Thread 0x0000028db838bb60 Unloading class 0x0000028dd01b2800 'java/lang/invoke/LambdaForm$DMH+0x0000028dd01b2800'

Classes redefined (0 events):
No events

Internal exceptions (20 events):
Event: 188.774 Thread 0x0000028e16de2e30 Exception <a 'java/lang/NoSuchMethodError'{0x00000000d57bb180}: 'java.lang.Object java.lang.invoke.Invokers$Holder.invoke_MT(java.lang.Object, java.lang.Object, java.lang.Object, java.lang.Object, java.lang.Object, java.lang.Object, java.lang.Object, java.lang.Object, java.lang.Object)'> (0x00000000d57bb180) 
thrown [s\src\hotspot\share\interpreter\linkResolver.cpp, line 773]
Event: 188.803 Thread 0x0000028e16de2e30 Exception <a 'java/lang/NoSuchMethodError'{0x00000000d58af7b0}: 'int java.lang.invoke.DirectMethodHandle$Holder.invokeVirtual(java.lang.Object, java.lang.Object, java.lang.Object)'> (0x00000000d58af7b0) 
thrown [s\src\hotspot\share\interpreter\linkResolver.cpp, line 773]
Event: 188.805 Thread 0x0000028e16de2e30 Exception <a 'java/lang/NoSuchMethodError'{0x00000000d58bcf70}: 'int java.lang.invoke.DirectMethodHandle$Holder.invokeStaticInit(java.lang.Object, java.lang.Object, java.lang.Object)'> (0x00000000d58bcf70) 
thrown [s\src\hotspot\share\interpreter\linkResolver.cpp, line 773]
Event: 188.806 Thread 0x0000028e16de2e30 Exception <a 'java/lang/NoSuchMethodError'{0x00000000d58c03e0}: 'int java.lang.invoke.DirectMethodHandle$Holder.invokeStaticInit(java.lang.Object, int, int)'> (0x00000000d58c03e0) 
thrown [s\src\hotspot\share\interpreter\linkResolver.cpp, line 773]
Event: 188.816 Thread 0x0000028e16de2e30 Exception <a 'java/lang/NoSuchMethodError'{0x00000000d58cfc50}: 'int java.lang.invoke.DirectMethodHandle$Holder.invokeStaticInit(java.lang.Object, long, long)'> (0x00000000d58cfc50) 
thrown [s\src\hotspot\share\interpreter\linkResolver.cpp, line 773]
Event: 188.818 Thread 0x0000028e16de2e30 Exception <a 'java/lang/NoSuchMethodError'{0x00000000d58d68f0}: 'int java.lang.invoke.DirectMethodHandle$Holder.invokeStaticInit(java.lang.Object, float, float)'> (0x00000000d58d68f0) 
thrown [s\src\hotspot\share\interpreter\linkResolver.cpp, line 773]
Event: 188.823 Thread 0x0000028e16de2e30 Exception <a 'java/lang/NoSuchMethodError'{0x00000000d58dd328}: 'int java.lang.invoke.DirectMethodHandle$Holder.invokeStaticInit(java.lang.Object, double, double)'> (0x00000000d58dd328) 
thrown [s\src\hotspot\share\interpreter\linkResolver.cpp, line 773]
Event: 188.827 Thread 0x0000028e16de2e30 Exception <a 'java/lang/NoSuchMethodError'{0x00000000d58e1858}: 'int java.lang.invoke.DirectMethodHandle$Holder.invokeStatic(java.lang.Object, long)'> (0x00000000d58e1858) 
thrown [s\src\hotspot\share\interpreter\linkResolver.cpp, line 773]
Event: 188.834 Thread 0x0000028e16de2e30 Exception <a 'java/lang/NoSuchMethodError'{0x00000000d58f2eb0}: 'int java.lang.invoke.DirectMethodHandle$Holder.invokeSpecial(java.lang.Object, java.lang.Object, int, int)'> (0x00000000d58f2eb0) 
thrown [s\src\hotspot\share\interpreter\linkResolver.cpp, line 773]
Event: 188.834 Thread 0x0000028e16de34c0 Exception <a 'java/lang/NoSuchMethodError'{0x00000000d58c7280}: 'int java.lang.invoke.DirectMethodHandle$Holder.invokeSpecial(java.lang.Object, java.lang.Object, int, int)'> (0x00000000d58c7280) 
thrown [s\src\hotspot\share\interpreter\linkResolver.cpp, line 773]
Event: 188.841 Thread 0x0000028e16de34c0 Exception <a 'java/lang/NoSuchMethodError'{0x00000000d596a508}: 'int java.lang.invoke.Invokers$Holder.linkToTargetMethod(java.lang.Object, java.lang.Object)'> (0x00000000d596a508) 
thrown [s\src\hotspot\share\interpreter\linkResolver.cpp, line 773]
Event: 188.844 Thread 0x0000028e16de2e30 Exception <a 'java/lang/NoSuchMethodError'{0x00000000d5967ba0}: 'int java.lang.invoke.Invokers$Holder.linkToTargetMethod(java.lang.Object, java.lang.Object)'> (0x00000000d5967ba0) 
thrown [s\src\hotspot\share\interpreter\linkResolver.cpp, line 773]
Event: 188.854 Thread 0x0000028e16de2e30 Exception <a 'java/lang/NoSuchMethodError'{0x00000000d59a1968}: 'int java.lang.invoke.DirectMethodHandle$Holder.invokeSpecial(java.lang.Object, java.lang.Object, java.lang.Object, java.lang.Object)'> (0x00000000d59a1968) 
thrown [s\src\hotspot\share\interpreter\linkResolver.cpp, line 773]
Event: 188.868 Thread 0x0000028e16de2e30 Exception <a 'java/lang/NoSuchMethodError'{0x00000000d5a278f0}: 'java.lang.Object java.lang.invoke.DirectMethodHandle$Holder.invokeStatic(java.lang.Object, int, java.lang.Object, java.lang.Object)'> (0x00000000d5a278f0) 
thrown [s\src\hotspot\share\interpreter\linkResolver.cpp, line 773]
Event: 188.872 Thread 0x0000028e16de2e30 Exception <a 'java/lang/NoSuchMethodError'{0x00000000d5a2b340}: 'java.lang.Object java.lang.invoke.DelegatingMethodHandle$Holder.delegate(java.lang.Object, int, java.lang.Object, java.lang.Object)'> (0x00000000d5a2b340) 
thrown [s\src\hotspot\share\interpreter\linkResolver.cpp, line 773]
Event: 188.885 Thread 0x0000028e16de2e30 Exception <a 'java/lang/NoSuchMethodError'{0x00000000d5ac72e0}: 'int java.lang.invoke.Invokers$Holder.linkToTargetMethod(java.lang.Object, java.lang.Object, java.lang.Object)'> (0x00000000d5ac72e0) 
thrown [s\src\hotspot\share\interpreter\linkResolver.cpp, line 773]
Event: 189.015 Thread 0x0000028e16de34c0 Exception <a 'java/lang/NoSuchMethodError'{0x00000000d62a3838}: 'java.lang.Object java.lang.invoke.DirectMethodHandle$Holder.invokeSpecialIFC(java.lang.Object, java.lang.Object, java.lang.Object, java.lang.Object)'> (0x00000000d62a3838) 
thrown [s\src\hotspot\share\interpreter\linkResolver.cpp, line 773]
Event: 189.132 Thread 0x0000028e166abac0 Exception <a 'java/io/FileNotFoundException'{0x00000000d6a57df8}> (0x00000000d6a57df8) 
thrown [s\src\hotspot\share\prims\jni.cpp, line 520]
Event: 189.132 Thread 0x0000028e166abac0 Exception <a 'java/io/FileNotFoundException'{0x00000000d6a58c40}> (0x00000000d6a58c40) 
thrown [s\src\hotspot\share\prims\jni.cpp, line 520]
Event: 189.133 Thread 0x0000028e166abac0 Exception <a 'java/io/FileNotFoundException'{0x00000000d6a59b90}> (0x00000000d6a59b90) 
thrown [s\src\hotspot\share\prims\jni.cpp, line 520]

ZGC Phase Switch (0 events):
No events

VM Operations (20 events):
Event: 184.113 Executing VM operation: HandshakeAllThreads (Deoptimize)
Event: 184.113 Executing VM operation: HandshakeAllThreads (Deoptimize) done
Event: 184.670 Executing VM operation: ParallelGCFailedAllocation (Allocation Failure)
Event: 184.708 Executing VM operation: ParallelGCFailedAllocation (Allocation Failure) done
Event: 185.717 Executing VM operation: Cleanup
Event: 185.734 Executing VM operation: Cleanup done
Event: 186.160 Executing VM operation: HandshakeAllThreads (Deoptimize)
Event: 186.160 Executing VM operation: HandshakeAllThreads (Deoptimize) done
Event: 186.723 Executing VM operation: ParallelGCFailedAllocation (Allocation Failure)
Event: 186.755 Executing VM operation: ParallelGCFailedAllocation (Allocation Failure) done
Event: 186.791 Executing VM operation: CollectForMetadataAllocation (Metadata GC Threshold)
Event: 188.744 Executing VM operation: CollectForMetadataAllocation (Metadata GC Threshold) done
Event: 188.859 Executing VM operation: HandshakeAllThreads (Deoptimize)
Event: 188.867 Executing VM operation: HandshakeAllThreads (Deoptimize) done
Event: 189.169 Executing VM operation: ParallelGCFailedAllocation (Allocation Failure)
Event: 189.174 Executing VM operation: ParallelGCFailedAllocation (Allocation Failure) done
Event: 189.630 Executing VM operation: ParallelGCFailedAllocation (Allocation Failure)
Event: 189.634 Executing VM operation: ParallelGCFailedAllocation (Allocation Failure) done
Event: 190.646 Executing VM operation: Cleanup
Event: 190.646 Executing VM operation: Cleanup done

Memory protections (0 events):
No events

Nmethod flushes (0 events):
No events

Events (20 events):
Event: 35.950 Thread 0x0000028e16de4f00 Thread exited: 0x0000028e16de4f00
Event: 35.950 Thread 0x0000028e166ad500 Thread exited: 0x0000028e166ad500
Event: 35.951 Thread 0x0000028e16de34c0 Thread exited: 0x0000028e16de34c0
Event: 35.951 Thread 0x0000028e16de41e0 Thread exited: 0x0000028e16de41e0
Event: 35.951 Thread 0x0000028e16de5590 Thread exited: 0x0000028e16de5590
Event: 35.951 Thread 0x0000028e16de2e30 Thread exited: 0x0000028e16de2e30
Event: 35.951 Thread 0x0000028e166ace70 Thread exited: 0x0000028e166ace70
Event: 35.952 Thread 0x0000028e16de5c20 Thread exited: 0x0000028e16de5c20
Event: 35.952 Thread 0x0000028e16de4870 Thread exited: 0x0000028e16de4870
Event: 35.966 Thread 0x0000028e166ab430 Thread exited: 0x0000028e166ab430
Event: 35.966 Thread 0x0000028e166aa710 Thread exited: 0x0000028e166aa710
Event: 35.966 Thread 0x0000028e166adb90 Thread exited: 0x0000028e166adb90
Event: 176.257 Thread 0x0000028e166abac0 Thread added: 0x0000028e16de62b0
Event: 180.401 Thread 0x0000028e110347d0 Thread added: 0x0000028e16728000
Event: 180.707 Thread 0x0000028e16728000 Thread exited: 0x0000028e16728000
Event: 181.120 Thread 0x0000028e166abac0 Thread added: 0x0000028e16de4f00
Event: 183.279 Thread 0x0000028e166abac0 Thread added: 0x0000028e16de2e30
Event: 183.368 Thread 0x0000028e166abac0 Thread added: 0x0000028e16de34c0
Event: 188.752 Thread 0x0000028e16de2e30 Thread added: 0x0000028e16de6fd0
Event: 188.908 Thread 0x0000028e16de6fd0 Thread added: 0x0000028e16de3b50


Dynamic libraries:
0x00007ff766590000 - 0x00007ff76659e000 	c:\Users\Soumili\.vscode\extensions\redhat.java-1.46.0-win32-x64\jre\21.0.8-win32-x86_64\bin\java.exe
0x00007ff93b160000 - 0x00007ff93b3c9000 	C:\WINDOWS\SYSTEM32\ntdll.dll
0x00007ff939e70000 - 0x00007ff939f39000 	C:\WINDOWS\System32\KERNEL32.DLL
0x00007ff938b30000 - 0x00007ff938f23000 	C:\WINDOWS\System32\KERNELBASE.dll
0x00007ff9382f0000 - 0x00007ff93843b000 	C:\WINDOWS\System32\ucrtbase.dll
0x00007ff9042b0000 - 0x00007ff9042c8000 	c:\Users\Soumili\.vscode\extensions\redhat.java-1.46.0-win32-x64\jre\21.0.8-win32-x86_64\bin\jli.dll
0x00007ff900e60000 - 0x00007ff900e7e000 	c:\Users\Soumili\.vscode\extensions\redhat.java-1.46.0-win32-x64\jre\21.0.8-win32-x86_64\bin\VCRUNTIME140.dll
0x00007ff938f30000 - 0x00007ff9390f4000 	C:\WINDOWS\System32\USER32.dll
0x00007ff91e730000 - 0x00007ff91e9c3000 	C:\WINDOWS\WinSxS\amd64_microsoft.windows.common-controls_6595b64144ccf1df_6.0.26100.5074_none_3e0d6f78e32fd63f\COMCTL32.dll
0x00007ff938920000 - 0x00007ff938947000 	C:\WINDOWS\System32\win32u.dll
0x00007ff93ac30000 - 0x00007ff93ac5b000 	C:\WINDOWS\System32\GDI32.dll
0x00007ff9392f0000 - 0x00007ff939399000 	C:\WINDOWS\System32\msvcrt.dll
0x00007ff938440000 - 0x00007ff93856d000 	C:\WINDOWS\System32\gdi32full.dll
0x00007ff938950000 - 0x00007ff9389f3000 	C:\WINDOWS\System32\msvcp_win.dll
0x00007ff9396e0000 - 0x00007ff93970f000 	C:\WINDOWS\System32\IMM32.DLL
0x00007ff9046a0000 - 0x00007ff9046ac000 	c:\Users\Soumili\.vscode\extensions\redhat.java-1.46.0-win32-x64\jre\21.0.8-win32-x86_64\bin\vcruntime140_1.dll
0x00007ff900220000 - 0x00007ff9002ad000 	c:\Users\Soumili\.vscode\extensions\redhat.java-1.46.0-win32-x64\jre\21.0.8-win32-x86_64\bin\msvcp140.dll
0x00007ff827ab0000 - 0x00007ff828847000 	c:\Users\Soumili\.vscode\extensions\redhat.java-1.46.0-win32-x64\jre\21.0.8-win32-x86_64\bin\server\jvm.dll
0x00007ff93ae10000 - 0x00007ff93aec4000 	C:\WINDOWS\System32\ADVAPI32.dll
0x00007ff93ad60000 - 0x00007ff93ae06000 	C:\WINDOWS\System32\sechost.dll
0x00007ff93a9b0000 - 0x00007ff93aac8000 	C:\WINDOWS\System32\RPCRT4.dll
0x00007ff93af40000 - 0x00007ff93afb4000 	C:\WINDOWS\System32\WS2_32.dll
0x00007ff938150000 - 0x00007ff9381ae000 	C:\WINDOWS\SYSTEM32\POWRPROF.dll
0x00007ff92f9e0000 - 0x00007ff92fa15000 	C:\WINDOWS\SYSTEM32\WINMM.dll
0x00007ff92fa20000 - 0x00007ff92fa2b000 	C:\WINDOWS\SYSTEM32\VERSION.dll
0x00007ff938130000 - 0x00007ff938144000 	C:\WINDOWS\SYSTEM32\UMPDC.dll
0x00007ff9370b0000 - 0x00007ff9370cb000 	C:\WINDOWS\SYSTEM32\kernel.appcore.dll
0x00007ff904400000 - 0x00007ff90440a000 	c:\Users\Soumili\.vscode\extensions\redhat.java-1.46.0-win32-x64\jre\21.0.8-win32-x86_64\bin\jimage.dll
0x00007ff92c5a0000 - 0x00007ff92c7e2000 	C:\WINDOWS\SYSTEM32\DBGHELP.DLL
0x00007ff93a5e0000 - 0x00007ff93a95b000 	C:\WINDOWS\System32\combase.dll
0x00007ff93b020000 - 0x00007ff93b0f7000 	C:\WINDOWS\System32\OLEAUT32.dll
0x00007ff91d3d0000 - 0x00007ff91d40d000 	C:\WINDOWS\SYSTEM32\dbgcore.DLL
0x00007ff938a00000 - 0x00007ff938a99000 	C:\WINDOWS\System32\bcryptPrimitives.dll
0x00007ff902b10000 - 0x00007ff902b1f000 	c:\Users\Soumili\.vscode\extensions\redhat.java-1.46.0-win32-x64\jre\21.0.8-win32-x86_64\bin\instrument.dll
0x00007ff900e20000 - 0x00007ff900e3f000 	c:\Users\Soumili\.vscode\extensions\redhat.java-1.46.0-win32-x64\jre\21.0.8-win32-x86_64\bin\java.dll
0x00007ff939720000 - 0x00007ff939e6d000 	C:\WINDOWS\System32\SHELL32.dll
0x00007ff938630000 - 0x00007ff93879c000 	C:\WINDOWS\System32\wintypes.dll
0x00007ff935f30000 - 0x00007ff936789000 	C:\WINDOWS\SYSTEM32\windows.storage.dll
0x00007ff939f40000 - 0x00007ff93a030000 	C:\WINDOWS\System32\SHCORE.dll
0x00007ff93aed0000 - 0x00007ff93af32000 	C:\WINDOWS\System32\shlwapi.dll
0x00007ff938210000 - 0x00007ff938239000 	C:\WINDOWS\SYSTEM32\profapi.dll
0x00007ff900e00000 - 0x00007ff900e18000 	c:\Users\Soumili\.vscode\extensions\redhat.java-1.46.0-win32-x64\jre\21.0.8-win32-x86_64\bin\zip.dll
0x00007ff900800000 - 0x00007ff900810000 	C:\Users\Soumili\.vscode\extensions\redhat.java-1.46.0-win32-x64\jre\21.0.8-win32-x86_64\bin\net.dll
0x00007ff930dd0000 - 0x00007ff930eef000 	C:\WINDOWS\SYSTEM32\WINHTTP.dll
0x00007ff937650000 - 0x00007ff9376bb000 	C:\WINDOWS\system32\mswsock.dll
0x00007ff9007e0000 - 0x00007ff9007f6000 	C:\Users\Soumili\.vscode\extensions\redhat.java-1.46.0-win32-x64\jre\21.0.8-win32-x86_64\bin\nio.dll
0x00007ff900710000 - 0x00007ff900720000 	c:\Users\Soumili\.vscode\extensions\redhat.java-1.46.0-win32-x64\jre\21.0.8-win32-x86_64\bin\verify.dll
0x00007ff904420000 - 0x00007ff904464000 	C:\Users\Soumili\AppData\Roaming\Code\User\globalStorage\redhat.java\1.46.0\config_win\org.eclipse.equinox.launcher\org.eclipse.equinox.launcher.win32.win32.x86_64_1.2.1400.v20250801-0854\eclipse_11916.dll
0x00007ff939400000 - 0x00007ff939598000 	C:\WINDOWS\System32\ole32.dll
0x00007ff904410000 - 0x00007ff90441a000 	C:\Users\Soumili\.vscode\extensions\redhat.java-1.46.0-win32-x64\jre\21.0.8-win32-x86_64\bin\management.dll
0x00007ff900ed0000 - 0x00007ff900edb000 	C:\Users\Soumili\.vscode\extensions\redhat.java-1.46.0-win32-x64\jre\21.0.8-win32-x86_64\bin\management_ext.dll
0x00007ff93a9a0000 - 0x00007ff93a9a8000 	C:\WINDOWS\System32\PSAPI.DLL

JVMTI agents:
c:\Users\Soumili\.vscode\extensions\redhat.java-1.46.0-win32-x64\lombok\lombok-1.18.39-4050.jar path:c:\Users\Soumili\.vscode\extensions\redhat.java-1.46.0-win32-x64\jre\21.0.8-win32-x86_64\bin\instrument.dll, loaded, initialized, instrumentlib options:none

dbghelp: loaded successfully - version: 4.0.5 - missing functions: none
symbol engine: initialized successfully - sym options: 0x614 - pdb path: .;c:\Users\Soumili\.vscode\extensions\redhat.java-1.46.0-win32-x64\jre\21.0.8-win32-x86_64\bin;C:\WINDOWS\SYSTEM32;C:\WINDOWS\WinSxS\amd64_microsoft.windows.common-controls_6595b64144ccf1df_6.0.26100.5074_none_3e0d6f78e32fd63f;c:\Users\Soumili\.vscode\extensions\redhat.java-1.46.0-win32-x64\jre\21.0.8-win32-x86_64\bin\server;C:\Users\Soumili\AppData\Roaming\Code\User\globalStorage\redhat.java\1.46.0\config_win\org.eclipse.equinox.launcher\org.eclipse.equinox.launcher.win32.win32.x86_64_1.2.1400.v20250801-0854

VM Arguments:
jvm_args: --add-modules=ALL-SYSTEM --add-opens=java.base/java.util=ALL-UNNAMED --add-opens=java.base/java.lang=ALL-UNNAMED --add-opens=java.base/sun.nio.fs=ALL-UNNAMED -Declipse.application=org.eclipse.jdt.ls.core.id1 -Dosgi.bundles.defaultStartLevel=4 -Declipse.product=org.eclipse.jdt.ls.core.product -Djava.import.generatesMetadataFilesAtProjectRoot=false -DDetectVMInstallationsJob.disabled=true -Dfile.encoding=utf8 -XX:+UseParallelGC -XX:GCTimeRatio=4 -XX:AdaptiveSizePolicyWeight=90 -Dsun.zip.disableMemoryMapping=true -Xmx2G -Xms100m -Xlog:disable -javaagent:c:\Users\Soumili\.vscode\extensions\redhat.java-1.46.0-win32-x64\lombok\lombok-1.18.39-4050.jar -XX:+HeapDumpOnOutOfMemoryError -XX:HeapDumpPath=c:\Users\Soumili\AppData\Roaming\Code\User\workspaceStorage\1b5255a89f19ab4e8fe8b9ba8ee5ed69\redhat.java -Daether.dependencyCollector.impl=bf 
java_command: c:\Users\Soumili\.vscode\extensions\redhat.java-1.46.0-win32-x64\server\plugins\org.eclipse.equinox.launcher_1.7.0.v20250519-0528.jar -configuration c:\Users\Soumili\AppData\Roaming\Code\User\globalStorage\redhat.java\1.46.0\config_win -data c:\Users\Soumili\AppData\Roaming\Code\User\workspaceStorage\1b5255a89f19ab4e8fe8b9ba8ee5ed69\redhat.java\jdt_ws --pipe=\\.\pipe\lsp-948edab6bc396df77c487f9772f26d8b-sock
java_class_path (initial): c:\Users\Soumili\.vscode\extensions\redhat.java-1.46.0-win32-x64\server\plugins\org.eclipse.equinox.launcher_1.7.0.v20250519-0528.jar
Launcher Type: SUN_STANDARD

[Global flags]
    uintx AdaptiveSizePolicyWeight                 = 90                                        {product} {command line}
     intx CICompilerCount                          = 4                                         {product} {ergonomic}
    uintx GCTimeRatio                              = 4                                         {product} {command line}
     bool HeapDumpOnOutOfMemoryError               = true                                   {manageable} {command line}
    ccstr HeapDumpPath                             = c:\Users\Soumili\AppData\Roaming\Code\User\workspaceStorage\1b5255a89f19ab4e8fe8b9ba8ee5ed69\redhat.java         {manageable} {command line}
   size_t InitialHeapSize                          = 104857600                                 {product} {command line}
   size_t MaxHeapSize                              = 2147483648                                {product} {command line}
   size_t MaxNewSize                               = 715653120                                 {product} {ergonomic}
   size_t MinHeapDeltaBytes                        = 524288                                    {product} {ergonomic}
   size_t MinHeapSize                              = 104857600                                 {product} {command line}
   size_t NewSize                                  = 34603008                                  {product} {ergonomic}
    uintx NonNMethodCodeHeapSize                   = 5839372                                {pd product} {ergonomic}
    uintx NonProfiledCodeHeapSize                  = 122909434                              {pd product} {ergonomic}
   size_t OldSize                                  = 70254592                                  {product} {ergonomic}
    uintx ProfiledCodeHeapSize                     = 122909434                              {pd product} {ergonomic}
    uintx ReservedCodeCacheSize                    = 251658240                              {pd product} {ergonomic}
     bool SegmentedCodeCache                       = true                                      {product} {ergonomic}
   size_t SoftMaxHeapSize                          = 2147483648                             {manageable} {ergonomic}
     bool UseCompressedOops                        = true                           {product lp64_product} {ergonomic}
     bool UseLargePagesIndividualAllocation        = false                                  {pd product} {ergonomic}
     bool UseParallelGC                            = true                                      {product} {command line}

Logging:
Log output configuration:
 #0: stdout all=off uptime,level,tags foldmultilines=false
 #1: stderr all=off uptime,level,tags foldmultilines=false

Environment Variables:
JAVA_HOME=C:\Program Files\Java\jdk-20
PATH=C:\Program Files\Python39\Scripts\;C:\Program Files\Python39\;D:\ORACLE_SQL_PLUS\dbhomeXE\bin;C:\Users\Soumili\dbhomeXE\bin;C:\Program Files\Common Files\Oracle\Java\javapath;D:\Oculus\Support\oculus-runtime;C:\Program Files\Python311\Scripts\;C:\Program Files\Python311\;C:\windows\system32;C:\windows;C:\windows\System32\Wbem;C:\windows\System32\WindowsPowerShell\v1.0\;C:\windows\System32\OpenSSH\;C:\Program Files (x86)\NVIDIA Corporation\PhysX\Common;C:\Program Files\NVIDIA Corporation\NVIDIA NvDLISR;C:\MinGW\bin;C:\Program Files\Cloudflare\Cloudflare WARP\;C:\WINDOWS\system32;C:\WINDOWS;C:\WINDOWS\System32\Wbem;C:\WINDOWS\System32\WindowsPowerShell\v1.0\;C:\WINDOWS\System32\OpenSSH\;D:\Git LFS;C:\Program Files\nodejs\;D:\Git\cmd;C:\Program Files\Java\jdk-20\bin;C:\Program Files\dotnet\;C:\Users\Soumili\AppData\Roaming\Python\Python311\Scripts;C:\Program Files\Tesseract-OCR\tesseract.exe;C:\Program Files\Tesseract-OCR;D:\College\2nd year Symbiosis\PBL1_Netbeans-main\apache-maven-3.9.6\bin;D:\c\bin;D:\perl\site\bin;D:\perl\bin;C:\Program Files (x86)\Windows Kits\10\Windows Performance Toolkit\;C:\Program Files\CMake\bin;C:\Program Files\ninja.exe;C:\Users\Soumili\Downloads\qt-online-installer-windows-x64-4.8.0.exe;C:\Program Files\MySQL\MySQL Server 8.0\lib;C:\Program Files\MongoDB\Server\7.0\bin;D:\rtools44;C:\Program Files (x86)\Microsoft SQL Server\160\Tools\Binn\;C:\Program Files\Microsoft SQL Server\160\Tools\Binn\;C:\Program Files\Microsoft SQL Server\Client SDK\ODBC\170\Tools\Binn\;C:\Program Files\Microsoft SQL Server\160\DTS\Binn\;C:\Program Files (x86)\Microsoft SQL Server\160\DTS\Binn\;C:\WINDOWS\system32;C:\WINDOWS;C:\WINDOWS\System32\Wbem;C:\WINDOWS\System32\WindowsPowerShell\v1.0\;C:\WINDOWS\System32\OpenSSH\;C:\Program Files\Git LFS;D:\poppler\poppler-24.08.0\Library\bin;;C:\Program Files\Docker\Docker\resources\bin;D:\python 3.8\Scripts\;D:\python 3.8\;C:\Program Files\MySQL\MySQL Shell 8.0\bin\;C:\Users\Soumili\.cargo\bin;C:\Users\Soumili\AppData\Local\Programs\Python\Python310\Scripts\;C:\Users\Soumili\AppData\Local\Programs\Python\Python310\;C:\Python\Python311\Scripts\;C:\Python\Python311\;C:\Users\Soumili\AppData\Local\Microsoft\WindowsApps;C:\Users\Soumili\AppData\Local\Programs\Microsoft VS Code\bin;C:\Program Files\JetBrains\PyCharm Community Edition 2022.3\bin;;C:\Users\Soumili\AppData\Local\GitHubDesktop\bin;C:\Users\Soumili\AppData\Roaming\npm;C:\Users\Soumili\.dotnet\tools;C:\Program Files\Java\jdk-21\bin;C:\MinGW\bin;C:\Program Files\Tesseract-OCR;D:\College\2nd year Symbiosis\PBL1_Netbeans-main\apache-maven-3.9.6\bin;C:\Program Files\MySQL\MySQL Server 8.0\lib;D:\;D:\poppler\poppler-24.08.0\Library\bin;
USERNAME=Soumili
OS=Windows_NT
PROCESSOR_IDENTIFIER=AMD64 Family 25 Model 80 Stepping 0, AuthenticAMD
TMP=C:\Users\Soumili\AppData\Local\Temp
TEMP=C:\Users\Soumili\AppData\Local\Temp




Periodic native trim disabled

---------------  S Y S T E M  ---------------

OS:
 Windows 11 , 64 bit Build 26100 (10.0.26100.5074)
OS uptime: 4 days 8:53 hours
Hyper-V role detected

CPU: total 12 (initial active 12) (12 cores per cpu, 2 threads per core) family 25 model 80 stepping 0 microcode 0xa50000d, cx8, cmov, fxsr, ht, mmx, 3dnowpref, sse, sse2, sse3, ssse3, sse4a, sse4.1, sse4.2, popcnt, lzcnt, tsc, tscinvbit, avx, avx2, aes, erms, clmul, bmi1, bmi2, adx, sha, fma, vzeroupper, clflush, clflushopt, hv, rdtscp, rdpid, fsrm, f16c, cet_ss
Processor Information for processor 0
  Max Mhz: 3301, Current Mhz: 1908, Mhz Limit: 3301
Processor Information for processor 1
  Max Mhz: 3301, Current Mhz: 1908, Mhz Limit: 3301
Processor Information for processor 2
  Max Mhz: 3301, Current Mhz: 1908, Mhz Limit: 3301
Processor Information for processor 3
  Max Mhz: 3301, Current Mhz: 1908, Mhz Limit: 3301
Processor Information for processor 4
  Max Mhz: 3301, Current Mhz: 1908, Mhz Limit: 3301
Processor Information for processor 5
  Max Mhz: 3301, Current Mhz: 1908, Mhz Limit: 3301
Processor Information for processor 6
  Max Mhz: 3301, Current Mhz: 1908, Mhz Limit: 3301
Processor Information for processor 7
  Max Mhz: 3301, Current Mhz: 1805, Mhz Limit: 3301
Processor Information for processor 8
  Max Mhz: 3301, Current Mhz: 1908, Mhz Limit: 3301
Processor Information for processor 9
  Max Mhz: 3301, Current Mhz: 1908, Mhz Limit: 3301
Processor Information for processor 10
  Max Mhz: 3301, Current Mhz: 1908, Mhz Limit: 3301
Processor Information for processor 11
  Max Mhz: 3301, Current Mhz: 1908, Mhz Limit: 3301

Memory: 4k page, system-wide physical 7521M (269M free)
TotalPageFile size 31073M (AvailPageFile size 6M)
current process WorkingSet (physical memory assigned to process): 138M, peak: 138M
current process commit charge ("private bytes"): 289M, peak: 289M

vm_info: OpenJDK 64-Bit Server VM (21.0.8+9-LTS) for windows-amd64 JRE (21.0.8+9-LTS), built on 2025-07-15T00:00:00Z by "admin" with MS VC++ 17.7 (VS2022)

END.
